
[March 14, 2022, 5:23 pm] users.json Entry Removed: | Username: user_1
[March 14, 2022, 5:23 pm] uuid.json Entry Removed: | Username: user_1
[March 14, 2022, 5:23 pm] users.json Entry Added: | Cape: nabiacapedev.png | Username: thnks_cj
[March 14, 2022, 5:23 pm] uuid.json Entry Added: | Username: thnks_cj
[March 14, 2022, 5:27 pm] users.json Entry Removed: | Username: thnks_cj
[March 14, 2022, 5:27 pm] uuid.json Entry Removed: | Username: thnks_cj
[March 14, 2022, 5:33 pm] users.json Entry Added: | Cape: nabiacapedev.png | Username: sad
[March 14, 2022, 5:33 pm] uuid.json Entry Added: | Username: sad
[March 14, 2022, 5:35 pm] users.json Entry Removed: | Username: sad
[March 14, 2022, 5:35 pm] uuid.json Entry Removed: | Username: sad
[March 14, 2022, 5:44 pm] users.json Entry Added: | Cape: nabiacape.png | Username: as
[March 14, 2022, 5:44 pm] uuid.json Entry Added: | Username: as
[March 14, 2022, 5:54 pm] users.json Entry Added: | Cape: nabiacape.png | Username: sd
[March 14, 2022, 5:54 pm] uuid.json Entry Added: | Username: sd
[March 14, 2022, 5:54 pm] users.json Entry Removed: | Username: sd
[March 14, 2022, 5:54 pm] uuid.json Entry Removed: | Username: sd
[March 14, 2022, 5:55 pm] users.json Entry Removed: | Username: as
[March 14, 2022, 5:55 pm] uuid.json Entry Removed: | Username: as
[March 14, 2022, 5:56 pm] users.json Entry Added: | Cape: nabiacape.png | Username: sd
[March 14, 2022, 5:56 pm] uuid.json Entry Added: | Username: sd
[March 14, 2022, 6:07 pm] users.json Entry Removed: | Username: sd
[March 14, 2022, 6:07 pm] uuid.json Entry Removed: | Username: sd
[March 14, 2022, 7:34 pm] User Logged Into Admin Panel: | Username: CJ
[March 14, 2022, 7:35 pm] User Logged Out Of Admin Panel: | Username: CJ
[March 14, 2022, 7:39 pm] User Logged Into Admin Panel: | Username: CJ
[March 14, 2022, 7:39 pm] User Logged Out Of Admin Panel: | Username: CJ
[March 14, 2022, 7:40 pm] User Logged Into Admin Panel: | Username: CJ
[March 14, 2022, 7:40 pm] User Logged Out Of Admin Panel: | Username: CJ
[March 14, 2022, 7:40 pm] User Logged Into Admin Panel: | Username: CJ
[March 14, 2022, 7:40 pm] User Logged Out Of Admin Panel: | Username: CJ
[March 14, 2022, 7:43 pm] User Logged Into Admin Panel: | Username: CJ
[March 14, 2022, 7:44 pm] User Logged Out Of Admin Panel: | Username: CJ
[March 14, 2022, 8:02 pm] User Logged Into Admin Panel: | Username: CJ
[March 14, 2022, 8:51 pm] users.json Entry Added: | Cape: nabiacapedev.png | Username: thnks_cj
[March 14, 2022, 8:51 pm] uuid.json Entry Added: | Username: thnks_cj
[March 14, 2022, 8:51 pm] users.json Entry Added: | Cape: nabiacape.png | Username: doxbin_com
[March 14, 2022, 8:51 pm] uuid.json Entry Added: | Username: doxbin_com
[March 14, 2022, 8:52 pm] users.json Entry Added: | Cape: nabiacape.png | Username: falopead0
[March 14, 2022, 8:52 pm] uuid.json Entry Added: | Username: falopead0
[March 14, 2022, 8:52 pm] users.json Entry Added: | Cape: nabiacapedev.png | Username: _luxs
[March 14, 2022, 8:52 pm] uuid.json Entry Added: | Username: _luxs
[March 14, 2022, 8:52 pm] User Logged Out Of Admin Panel: | Username: CJ
[March 14, 2022, 8:52 pm] User Logged Into Admin Panel: | Username: CJ
